2019-12-20 08:08:52,042 - WEB access to home page
2019-12-20 08:09:43,223 - Access to canteenWS endpoint
2019-12-20 08:09:45,458 - Access to canteenWS endpoint
2019-12-20 08:09:46,690 - Access to canteenWS endpoint
2019-12-20 08:09:49,683 - WEB access to home page
2019-12-20 08:09:50,544 - Access to canteenWS endpoint
2019-12-20 08:10:36,824 - WEB access to home page
2019-12-20 08:10:37,563 - Access to canteenWS endpoint
2019-12-20 08:11:44,035 - Access to canteenWS endpoint
2019-12-20 08:11:45,177 - Access to canteenWS endpoint
2019-12-20 08:11:46,250 - WEB access to home page
2019-12-20 08:11:47,172 - Access to canteenWS endpoint
2019-12-20 08:11:57,445 - WEB access to home page
2019-12-20 08:11:58,711 - Access to canteenWS endpoint
2019-12-20 08:12:35,991 - Access to canteenWS endpoint
2019-12-20 08:13:13,523 - Access to canteenWS endpoint
2019-12-20 08:28:11,979 - Access to canteenWS endpoint
2019-12-20 08:28:13,189 - WEB access to home page
2019-12-20 08:28:14,363 - Access to canteenWS endpoint
2019-12-20 08:42:38,759 - WEB access to home page
2019-12-20 08:42:42,838 - Access to secretariatWS endpoint
2019-12-20 08:42:45,721 - Access to secretariatWS delete id endpoint
2019-12-20 08:42:45,810 - Access to secretariatWS endpoint
2019-12-20 08:43:54,035 - Access to secretariatWS new endpoint
2019-12-20 08:44:00,142 - Access to secretariatWS id endpoint
2019-12-20 08:44:01,947 - WEB access to home page
2019-12-20 08:47:05,522 - WEB access to home page
2019-12-20 08:47:36,557 - WEB access to home page
2019-12-20 08:47:37,664 - WEB access to home page
2019-12-20 08:47:38,483 - WEB access to home page
2019-12-20 08:47:39,078 - WEB access to home page
2019-12-20 08:47:39,628 - WEB access to home page
2019-12-20 08:47:41,236 - Access to canteenWS endpoint
2019-12-20 08:47:43,749 - Access to secretariatWS endpoint
2019-12-20 08:47:44,990 - WEB access to home page
2019-12-20 08:48:42,575 - Access to canteenWS endpoint
2019-12-20 08:48:43,493 - WEB access to home page
2019-12-20 08:48:44,929 - Access to canteenWS endpoint
2019-12-20 08:48:45,491 - WEB access to home page
2019-12-20 08:49:06,338 - WEB access to home page
2019-12-20 08:49:07,280 - WEB access to home page
2019-12-20 08:49:07,806 - WEB access to home page
2019-12-20 08:49:08,287 - WEB access to home page
2019-12-20 08:52:59,148 - Access to secretariatWS new endpoint
2019-12-20 08:53:04,106 - Access to secretariatWS id endpoint
2019-12-20 08:53:06,164 - Access to secretariatWS new endpoint
2019-12-20 08:53:10,386 - Access to secretariatWS new endpoint
2019-12-20 08:53:15,850 - Access to secretariatWS endpoint
2019-12-20 08:53:18,366 - Access to secretariatWS new endpoint
2019-12-20 08:53:23,382 - Access to secretariatWS new endpoint
2019-12-20 08:54:15,077 - Access to secretariatWS endpoint
2019-12-20 08:54:18,606 - Access to secretariatWS new endpoint
2019-12-20 08:54:23,664 - Access to secretariatWS new endpoint
2019-12-20 08:55:41,070 - Access to secretariatWS new endpoint
2019-12-20 08:55:48,887 - Access to secretariatWS endpoint
2019-12-20 08:55:50,839 - Access to secretariatWS edit id endpoint
2019-12-20 08:56:01,444 - Access to secretariatWS new endpoint
2019-12-20 08:57:32,167 - Access to secretariatWS endpoint
2019-12-20 08:57:34,193 - Access to secretariatWS edit id endpoint
2019-12-20 08:57:36,224 - Access to secretariatWS id endpoint
2019-12-20 08:57:39,084 - Access to secretariatWS endpoint
2019-12-20 08:57:40,555 - Access to secretariatWS edit id endpoint
2019-12-20 09:09:57,669 - Access to secretariatWS endpoint
2019-12-20 09:09:59,621 - Access to secretariatWS edit id endpoint
2019-12-20 09:10:02,284 - Access to secretariatWS endpoint
2019-12-20 09:10:05,232 - Access to secretariatWS edit id endpoint
2019-12-20 09:10:08,264 - Access to secretariatWS endpoint
2019-12-20 09:10:12,028 - Access to secretariatWS edit id endpoint
2019-12-20 09:10:14,646 - Access to secretariatWS id endpoint
2019-12-20 09:10:17,969 - Access to secretariatWS endpoint
2019-12-20 09:10:32,568 - Access to secretariatWS edit id endpoint
2019-12-20 09:10:37,212 - Access to secretariatWS endpoint
2019-12-20 09:10:43,933 - Access to secretariatWS edit id endpoint
2019-12-20 09:10:46,514 - Access to secretariatWS endpoint
2019-12-20 09:10:49,911 - Access to secretariatWS edit id endpoint
2019-12-20 09:10:53,113 - Access to secretariatWS id endpoint
2019-12-20 09:10:54,893 - Access to secretariatWS endpoint
2019-12-20 09:10:58,103 - Access to secretariatWS edit id endpoint
2019-12-20 09:11:00,930 - Access to secretariatWS endpoint
2019-12-20 09:12:15,594 - Access to secretariatWS edit id endpoint
2019-12-20 09:12:18,723 - Access to secretariatWS id endpoint
2019-12-20 09:12:20,948 - Access to secretariatWS endpoint
2019-12-20 09:12:22,392 - Access to secretariatWS edit id endpoint
2019-12-20 09:12:30,427 - Access to secretariatWS id endpoint
2019-12-20 09:13:29,412 - Access to canteenWS endpoint
2019-12-22 10:03:51,288 - WEB access to default login page
2019-12-22 10:03:53,142 - POST to authorization_url
2019-12-22 10:04:00,755 - WEB access to home page
2019-12-22 10:04:04,332 - Access to canteenWS endpoint
2019-12-22 10:06:09,336 - Access to canteenWS endpoint
2019-12-22 10:06:10,437 - Access to canteenWS endpoint
2019-12-22 10:06:22,963 - Access to canteenWS endpoint
2019-12-22 10:07:01,598 - Access to canteenWS endpoint
2019-12-22 10:07:02,368 - Access to canteenWS endpoint
2019-12-22 10:07:03,033 - Access to canteenWS endpoint
2019-12-22 10:07:31,661 - Access to canteenWS endpoint
2019-12-22 10:07:31,857 - Access to canteenWS endpoint
2019-12-22 10:07:32,326 - Access to canteenWS endpoint
2019-12-22 10:07:32,470 - Access to canteenWS endpoint
2019-12-22 10:07:34,065 - Access to canteenWS endpoint
2019-12-22 10:08:23,964 - Access to canteenWS endpoint
2019-12-22 10:08:25,628 - Access to canteenWS endpoint
2019-12-22 10:09:44,636 - WEB access to campus page
2019-12-22 10:09:46,790 - WEB access to campus page buildings_in_campus
2019-12-22 10:09:49,442 - Access to canteenWS endpoint
2019-12-22 10:10:46,864 - Access to canteenWS endpoint
2019-12-22 10:10:59,098 - WEB access to home page
2019-12-22 10:11:00,545 - Access to canteenWS endpoint
2019-12-22 10:22:54,373 - Access to canteenWS endpoint
2019-12-22 10:22:55,569 - Access to canteenWS endpoint
2019-12-22 10:22:57,071 - WEB access to home page
2019-12-22 10:22:58,997 - Access to canteenWS endpoint
2019-12-22 10:26:18,486 - WEB access to default login page
2019-12-22 10:26:21,515 - WEB access to home page
2019-12-22 10:26:24,166 - Access to canteenWS endpoint
2019-12-22 10:27:37,885 - Access to canteenWS endpoint
2019-12-23 08:59:14,183 - WEB access to default login page
2019-12-23 08:59:16,323 - WEB access to home page
2019-12-23 09:18:14,992 - WEB access to default login page
2019-12-23 09:18:17,376 - WEB access to home page
2019-12-23 22:28:21,381 - WEB access to default login page
2019-12-23 22:28:25,580 - POST to authorization_url
2019-12-23 22:29:29,505 - POST to authorization_url
2019-12-23 22:30:18,869 - WEB access to default login page
2019-12-23 22:30:20,529 - POST to authorization_url
2019-12-23 22:31:37,711 - WEB access to default login page
2019-12-23 22:31:40,319 - POST to authorization_url
2019-12-23 22:31:40,920 - GET to /callback endpoint
2019-12-23 22:31:40,920 - code = 82c1b45dfdcb29aeef5567fcd05422c61ff8983ba9c3c12ce9ef0ad5a7b1e311e2f1cf831e388ba265d245f6c438b50ce27612aaaa264e09e2e582eb6a8dc396
2019-12-23 22:33:54,335 - POST to authorization_url
2019-12-23 22:33:54,927 - GET to /callback endpoint
2019-12-23 22:33:54,928 - code = 70e0b1824a2f6dcc86ffb18992720c2824d2a63d07e05c3f048027e6839e94455b53e6a46659745d18faa08c855e2541ef59ba981b9436495edebdbf057b8b8d
2019-12-23 22:33:55,298 - username = ist178938
2019-12-23 22:33:55,298 - token = MTY5NTkyMzY3MTQ3NTcyNDozNDIyMTQ1M2RmYTNhMjhiNWRiYzNlN2I3YmQyNDVlNDhlODM4MTRkN2ZkMTk0YTc4ZjhmM2QyMWY1YTRiNjkwMDEwNmJkMjYwYTA1NTExNjkxZDE5MDkyMDdjMjlkOTAwNjQyNWQ2OWE2YjA3OWY3ODRjNjNiNzg5NjBlNDQ3NQ
2019-12-23 22:36:06,956 - WEB access to default login page
2019-12-23 22:36:09,989 - POST to authorization_url
2019-12-23 22:36:10,577 - GET to /callback endpoint
2019-12-23 22:36:10,577 - code = 4c7fe961f73ed5a421d61db4d0252fd4a3b13bdef672cc8e0867c2a8759efd9595880d94a0e7080fdd4a30218816bd42df2b1e4aa7a3958de09fcd54c31e5703
2019-12-23 22:36:10,954 - username = ist178938
2019-12-23 22:36:10,954 - token = MTY5NTkyMzY3MTQ3NTcyNzo3ZjM4ZjA4M2FkMzZkNTNjZmY2NTlkZmFlNmNjYjkyOGM4YzJhY2Q1Nzc1OWJhZjFlY2VmNzI2MWNjNWM2ZWU2MmUzZmU4MmVjODQ3NDdjYTdjODQ1NjRhMWRmOGM4NGU0MGIxYjlmMTA4YjQ4MmVhYmIyZDRhZGRmYWU5ZTZkZQ
2019-12-23 22:42:04,897 - WEB access to default login page
2019-12-23 22:42:10,412 - POST to authorization_url
2019-12-23 22:42:11,087 - GET to /callback endpoint
2019-12-23 22:42:11,087 - code = c9fe091aa145024cdcdb61e616c4af981073fd1eb7ddd5b82b0026f2e864997319999bda4d49e8352de9d3bb0a5d8098a1b98e15c01237dfd37415cda9e25c07
2019-12-23 22:42:11,417 - username = ist178938
2019-12-23 22:42:11,417 - token = MTY5NTkyMzY3MTQ3NTczMDo3ZGE4NjE5Y2ViNWQ5NmM4MWIwYWVhZTI1OGQ1NzdkM2M1ZWQ1ZWU4N2Y2MDIzNDkyYTg3ZDI0MGJkYjIxZjljZjdmMzZjOTViNTI3YTYyNzk4NzgwMzRkMTc1YmM4YjBkNWUwZGUwMzZkNDIwY2Q0MDgyNzk5YzQwMGEwMjk4Mw
2019-12-23 22:51:14,865 - WEB access to default login page
2019-12-23 22:51:18,433 - POST to authorization_url
2019-12-23 22:51:19,109 - GET to /callback endpoint
2019-12-23 22:51:19,109 - code = b8941fef78de67fcc4d50f2fec2d928faed58c96d7ee14ead6905e52af10d6c845b490960322feee69b108f00e1709913295488d1ff85874b40dfbcfb490e6de
2019-12-23 22:51:19,396 - username = ist178938
2019-12-23 22:51:19,396 - token = MTY5NTkyMzY3MTQ3NTczNDo2Nzk4ZmY0ZjI1YWY0MjkxOGYxZmZmZTI4NDM2ZmI1NDMyZTkzOWY4OGMxY2UzMjYxNDE5MTI2MTMyMmNkNmMwZjgyNDczMzg5ZDJhMjk5N2EzNzlhZDI5MmNjYzJhOWM0ODVmZmM1MmU0ZjVjNWU3M2ZiNTEyOTcxZTY5NjY1Mw
2019-12-23 23:11:33,565 - WEB access to default login page
2019-12-23 23:11:35,163 - WEB access to default login page
2019-12-23 23:11:36,920 - POST to authorization_url
2019-12-23 23:11:37,606 - GET to /callback endpoint
2019-12-23 23:11:37,606 - code = 35d2997d1edf4643eda684ef469c979f8f6ff103854cf87e707964f5ddf4ca94dfac2e83ca3d4a80d627f94635290c8b0bdc9e857e5e315ec3d151e2a9fb4030
2019-12-23 23:11:37,932 - username = ist178938
2019-12-23 23:11:37,933 - token = MTY5NTkyMzY3MTQ3NTc0NjphNTI1OTM3MjZjYmYyNjYxZGJlMDFmM2FmOGUyYmU5YjU2NDNhZmE3OGU4ZjA5YmQ2NTk0M2EyYmUxNzFjZTQyOGIzYWUxNmRhN2Q1Mzc1ZmIwMGNmZmZiNzZkOTJjYWEzZDI5MWU5YjkzODExYjY2NThkYWFiZDIzMzc4YzdjYw
2019-12-23 23:11:39,271 - WEB access to home page
2019-12-23 23:17:47,669 - WEB access to default login page
2019-12-23 23:17:49,687 - POST to authorization_url
2019-12-23 23:17:50,547 - GET to /callback endpoint
2019-12-23 23:17:50,547 - code = 3ba37fd0647c445ac49f86f45ccdd634db4a6416a1562396b08750412ed3b019ddeebf6b8e089629d1c1b195d2f59ad1d9e785cb3a27fe5416e94754c6fa6420
2019-12-23 23:17:50,841 - username = ist178938
2019-12-23 23:17:50,841 - token = MTY5NTkyMzY3MTQ3NTc1MTo3NTdkZTg5ZDViYWE2MGUxNjgwM2FkOGEzNDAwZjJkYzg1ZGQ3MGVmZWUyNjA1ZmZmMmVlN2ViNWI5MzY0MjU2YjhhNzM1OTZmNGRkNDM3ZmQ0YjNmYmJiZmQ2ZjQ1NGU5YjJhNjJmYTJiZjA2NjhjNjdkNTVjY2M1NjU2ODU5Nw
